Date2020/07/11 20:27:17  KeyPressed: 29 and Mouse moved: 1496
Date2020/07/11 20:27:20 date:2020-07-11window : time: 20
Date2020/07/11 20:27:20 date:2020-07-11window :Electron time: 8
Date2020/07/11 20:27:20 date:2020-07-11window :Google Chrome time: 1
Date2020/07/11 20:27:32 date:2020-07-11window :Google Chrome time: 14
Date2020/07/18 13:21:06 date:2020-07-18window : time: 42
Date2020/07/18 13:21:06 date:2020-07-18window :Electron time: 5
Date2020/07/18 13:21:06 date:2020-07-18window :Google Chrome time: 0
Date2020/07/18 13:22:51 date:2020-07-18window : time: 24
Date2020/07/18 13:23:22 date:2020-07-18window : time: 13
Date2020/07/18 13:44:59 date:2020-07-18window : time: 15
Date2020/07/18 13:44:59 date:2020-07-18window :Google Chrome time: 2
Date2020/07/18 13:53:56 date:2020-07-18window : time: 13
Date2020/07/18 13:53:56 date:2020-07-18window :Electron time: 11
Date2020/07/18 13:53:56 date:2020-07-18window :Google Chrome time: 5
Date2020/07/18 13:53:56 date:2020-07-18window :Skype time: 307
Date2020/07/18 13:58:29 date:2020-07-18window : time: 27
Date2020/07/18 14:00:10 date:2020-07-18window : time: 0
Date2020/07/18 14:01:04 date:2020-07-18window : time: 45
Date2020/07/18 14:01:27 date:2020-07-18window : time: 14
Date2020/07/18 14:01:27 date:2020-07-18window :Electron time: 1
Date2020/07/18 14:01:27 date:2020-07-18window :Google Chrome time: 0
Date2020/07/18 14:02:12 date:2020-07-18window : time: 6
Date2020/07/18 14:02:12 date:2020-07-18window :Google Chrome time: 4
Date2020/07/18 14:02:43  KeyPressed: 4 and Mouse moved: 458
Date2020/07/18 14:02:44 date:2020-07-18window : time: 5
Date2020/07/18 14:02:44 date:2020-07-18window :Electron time: 2
Date2020/07/18 14:02:44 date:2020-07-18window :Google Chrome time: 2
Date2020/07/18 14:02:49 date:2020-07-18window :Google Chrome time: 5
Date2020/07/18 14:19:37 date:2020-07-18window : time: 33
Date2020/07/18 14:20:13 date:2020-07-18window : time: 31
Date2020/07/18 14:21:21 date:2020-07-18window : time: 62
Date2020/07/18 14:21:23 date:2020-07-18window : time: 0
Date2020/07/18 14:24:29 date:2020-07-18window : time: 178
Date2020/07/18 14:25:19 date:2020-07-18window : time: 42
Date2020/07/18 14:27:20 date:2020-07-18window : time: 115
Date2020/07/18 14:27:38 date:2020-07-18window : time: 13
Date2020/07/18 14:28:07 date:2020-07-18window : time: 22
Date2020/07/18 14:30:09 date:2020-07-18window : time: 115
Date2020/07/18 14:30:32 date:2020-07-18window : time: 14
Date2020/07/18 14:30:52 date:2020-07-18window : time: 15
Date2020/07/18 14:32:36 date:2020-07-18window : time: 96
Date2020/07/18 14:33:32 date:2020-07-18window : time: 51
Date2020/07/18 14:34:06 date:2020-07-18window : time: 28
Date2020/07/18 14:34:27 date:2020-07-18window : time: 14
Date2020/07/18 14:34:57 date:2020-07-18window : time: 24
Date2020/07/18 14:37:56 date:2020-07-18window : time: 173
Date2020/07/18 14:39:38 date:2020-07-18window : time: 91
Date2020/07/18 14:40:06 date:2020-07-18window : time: 23
Date2020/07/18 14:40:27 date:2020-07-18window : time: 14
Date2020/07/18 14:42:29 date:2020-07-18window : time: 117
Date2020/07/18 14:44:10 date:2020-07-18window : time: 95
Date2020/07/18 15:17:08 date:2020-07-18window : time: 12
Date2020/08/01 11:11:43 date:2020-08-01window : time: 38
Date2020/08/01 11:18:56 date:2020-08-01window : time: 170
Date2020/08/01 11:29:43 date:2020-08-01window : time: 8
Date2020/08/01 11:29:43 date:2020-08-01window :Electron time: 11
Date2020/08/01 11:29:43 date:2020-08-01window :Google Chrome time: 2
